2025-08-30 09:18:07 - data_merger - INFO - 数据合并器初始化开始
2025-08-30 09:18:07 - data_merger - ERROR - 数据合并器初始化失败: StateManager.init_state() takes 1 positional argument but 2 were given
2025-08-30 09:18:07 - data_merger - INFO - 开始数据合并任务: merge-1756516687-6c7265
2025-08-30 09:18:07 - data_merger - INFO - 开始校验合并任务: merge-1756516687-6c7265
2025-08-30 09:18:07 - data_merger - INFO - 合并任务校验通过: 2个文件，格式jsonl，字段['id', 'text']
2025-08-30 09:18:07 - data_merger - INFO - 处理输入文件 1/2: /tmp/simple_merge_test_vl_efna3/test1.jsonl
2025-08-30 09:18:07 - data_merger - ERROR - 数据合并任务失败: StateManager.update_state() missing 1 required positional argument: 'value'
2025-08-30 09:18:44 - data_merger - INFO - 数据合并器初始化开始
2025-08-30 09:18:44 - data_merger - ERROR - 数据合并器初始化失败: StateManager.init_state() takes 1 positional argument but 2 were given
2025-08-30 09:18:44 - data_merger - INFO - 开始数据合并任务: merge-1756516724-471477
2025-08-30 09:18:44 - data_merger - INFO - 开始校验合并任务: merge-1756516724-471477
2025-08-30 09:18:44 - data_merger - INFO - 合并任务校验通过: 2个文件，格式jsonl，字段['id', 'text']
2025-08-30 09:18:44 - data_merger - INFO - 处理输入文件 1/2: /tmp/simple_merge_test_50d8amwr/test1.jsonl
2025-08-30 09:18:44 - data_merger - INFO - 文件处理完成: /tmp/simple_merge_test_50d8amwr/test1.jsonl，记录数: 2
2025-08-30 09:18:44 - data_merger - INFO - 处理输入文件 2/2: /tmp/simple_merge_test_50d8amwr/test2.jsonl
2025-08-30 09:18:44 - data_merger - INFO - 文件处理完成: /tmp/simple_merge_test_50d8amwr/test2.jsonl，记录数: 2
2025-08-30 09:18:44 - data_merger - INFO - 合并元数据已保存: /tmp/simple_merge_test_50d8amwr/output/merge_meta.json
2025-08-30 09:18:44 - data_merger - INFO - 数据合并任务完成: /tmp/simple_merge_test_50d8amwr/output/merged_test1_test2_1756516724.jsonl
2025-08-30 09:18:44 - data_merger - INFO - 输入记录数: 4，输出记录数: 4，去重数量: 0
2025-08-30 09:19:36 - data_merger - INFO - 数据合并器初始化开始
2025-08-30 09:19:36 - data_merger - ERROR - 数据合并器初始化失败: StateManager.init_state() takes 1 positional argument but 2 were given
2025-08-30 09:20:18 - data_merger - INFO - 开始数据合并任务: merge-1756516818-c7ddc4
2025-08-30 09:20:18 - data_merger - INFO - 开始校验合并任务: merge-1756516818-c7ddc4
2025-08-30 09:20:18 - data_merger - INFO - 合并任务校验通过: 2个文件，格式jsonl，字段['instruction']
2025-08-30 09:20:19 - data_merger - INFO - 处理输入文件 1/2: /tmp/gradio/4ccf09cbe93598bf63cb58054dc6280fb2f5161e15611ca5ea02be9df4d477f5/distill_r1_110k_sft_extracted.jsonl
2025-08-30 09:20:24 - data_merger - INFO - 文件处理完成: /tmp/gradio/4ccf09cbe93598bf63cb58054dc6280fb2f5161e15611ca5ea02be9df4d477f5/distill_r1_110k_sft_extracted.jsonl，记录数: 110000
2025-08-30 09:20:24 - data_merger - INFO - 处理输入文件 2/2: /tmp/gradio/7fb9a72e7fbea30a1f0d73ba9436e7a36e8bbb97a2883ba99f620c6ce051b9d6/OmniThought-R1-0528_extracted.jsonl
2025-08-30 09:20:56 - data_merger - INFO - 文件处理完成: /tmp/gradio/7fb9a72e7fbea30a1f0d73ba9436e7a36e8bbb97a2883ba99f620c6ce051b9d6/OmniThought-R1-0528_extracted.jsonl，记录数: 364988
2025-08-30 09:20:56 - data_merger - INFO - 合并元数据已保存: data/processed/merge_meta.json
2025-08-30 09:20:56 - data_merger - INFO - 数据合并任务完成: data/processed/merged_distill_r1_110k_sft_extracted_OmniThought-R1-0528_extracted_1756516818.jsonl
2025-08-30 09:20:56 - data_merger - INFO - 输入记录数: 474988，输出记录数: 474988，去重数量: 0
2025-08-30 09:32:18 - data_merger - INFO - 数据合并器初始化开始
2025-08-30 09:32:18 - data_merger - ERROR - 数据合并器初始化失败: StateManager.init_state() takes 1 positional argument but 2 were given
2025-08-30 09:33:10 - data_merger - INFO - 开始数据合并任务: merge-1756517590-77f566
2025-08-30 09:33:10 - data_merger - INFO - 开始校验合并任务: merge-1756517590-77f566
2025-08-30 09:33:10 - data_merger - INFO - 合并任务校验通过: 2个文件，格式jsonl，字段['instruction']
2025-08-30 09:33:10 - data_merger - INFO - 处理输入文件 1/2: /tmp/gradio/7fb9a72e7fbea30a1f0d73ba9436e7a36e8bbb97a2883ba99f620c6ce051b9d6/OmniThought-R1-0528_extracted.jsonl
2025-08-30 09:33:36 - data_merger - INFO - 文件处理完成: /tmp/gradio/7fb9a72e7fbea30a1f0d73ba9436e7a36e8bbb97a2883ba99f620c6ce051b9d6/OmniThought-R1-0528_extracted.jsonl，记录数: 364988
2025-08-30 09:33:36 - data_merger - INFO - 处理输入文件 2/2: /tmp/gradio/4ccf09cbe93598bf63cb58054dc6280fb2f5161e15611ca5ea02be9df4d477f5/distill_r1_110k_sft_extracted.jsonl
2025-08-30 09:33:41 - data_merger - INFO - 文件处理完成: /tmp/gradio/4ccf09cbe93598bf63cb58054dc6280fb2f5161e15611ca5ea02be9df4d477f5/distill_r1_110k_sft_extracted.jsonl，记录数: 110000
2025-08-30 09:33:41 - data_merger - INFO - 合并元数据已保存: data/processed/merge-1756517590/merge_meta.json
2025-08-30 09:33:41 - data_merger - ERROR - 数据合并任务失败: name 'output_dir' is not defined
2025-08-30 09:37:18 - data_merger - INFO - 数据合并器初始化开始
2025-08-30 09:37:18 - data_merger - ERROR - 数据合并器初始化失败: StateManager.init_state() takes 1 positional argument but 2 were given
2025-08-30 09:38:02 - data_merger - INFO - 开始数据合并任务: merge-1756517882-51029e
2025-08-30 09:38:02 - data_merger - INFO - 开始校验合并任务: merge-1756517882-51029e
2025-08-30 09:38:02 - data_merger - INFO - 合并任务校验通过: 2个文件，格式jsonl，字段['instruction']
2025-08-30 09:38:03 - data_merger - INFO - 处理输入文件 1/2: /tmp/gradio/4ccf09cbe93598bf63cb58054dc6280fb2f5161e15611ca5ea02be9df4d477f5/distill_r1_110k_sft_extracted.jsonl
2025-08-30 09:38:16 - data_merger - INFO - 文件处理完成: /tmp/gradio/4ccf09cbe93598bf63cb58054dc6280fb2f5161e15611ca5ea02be9df4d477f5/distill_r1_110k_sft_extracted.jsonl，记录数: 110000
2025-08-30 09:38:16 - data_merger - INFO - 处理输入文件 2/2: /tmp/gradio/7fb9a72e7fbea30a1f0d73ba9436e7a36e8bbb97a2883ba99f620c6ce051b9d6/OmniThought-R1-0528_extracted.jsonl
2025-08-30 09:39:21 - data_merger - INFO - 文件处理完成: /tmp/gradio/7fb9a72e7fbea30a1f0d73ba9436e7a36e8bbb97a2883ba99f620c6ce051b9d6/OmniThought-R1-0528_extracted.jsonl，记录数: 364988
2025-08-30 09:39:21 - data_merger - INFO - 合并元数据已保存: data/processed/merge-1756517882/merge_meta.json
2025-08-30 09:39:21 - data_merger - ERROR - 创建合并信息文件失败: 'dict' object has no attribute 'task_id'
2025-08-30 09:39:21 - data_merger - INFO - 数据合并任务完成: data/processed/merge-1756517882/merged_distill_r1_110k_sft_extracted_OmniThought-R1-0528_extracted.jsonl
2025-08-30 09:39:21 - data_merger - INFO - 输入记录数: 474988，输出记录数: 474988，去重数量: 0
2025-08-30 09:43:38 - data_merger - INFO - 数据合并器初始化开始
2025-08-30 09:43:38 - data_merger - ERROR - 数据合并器初始化失败: StateManager.init_state() takes 1 positional argument but 2 were given
2025-08-30 09:43:45 - data_merger - INFO - 数据合并器初始化开始
2025-08-30 09:43:45 - data_merger - ERROR - 数据合并器初始化失败: StateManager.init_state() takes 1 positional argument but 2 were given
2025-08-30 09:43:45 - data_merger - INFO - 开始数据合并任务: merge-1756518225-04a434
2025-08-30 09:43:45 - data_merger - INFO - 开始校验合并任务: merge-1756518225-04a434
2025-08-30 09:43:46 - data_merger - INFO - 合并任务校验通过: 2个文件，格式jsonl，字段['id', 'name', 'value']
2025-08-30 09:43:46 - data_merger - INFO - 处理输入文件 1/2: /tmp/tmpzpmqxl_j/test1.jsonl
2025-08-30 09:43:46 - data_merger - INFO - 文件处理完成: /tmp/tmpzpmqxl_j/test1.jsonl，记录数: 5
2025-08-30 09:43:46 - data_merger - INFO - 处理输入文件 2/2: /tmp/tmpzpmqxl_j/test2.jsonl
2025-08-30 09:43:46 - data_merger - INFO - 文件处理完成: /tmp/tmpzpmqxl_j/test2.jsonl，记录数: 5
2025-08-30 09:43:46 - data_merger - INFO - 合并元数据已保存: /tmp/tmpzpmqxl_j/merge-1756518225/merge_meta.json
2025-08-30 09:43:46 - data_merger - ERROR - 创建合并信息文件失败: 'dict' object has no attribute 'task_id'
2025-08-30 09:43:46 - data_merger - INFO - 数据合并任务完成: /tmp/tmpzpmqxl_j/merge-1756518225/merged_test1_test2.jsonl
2025-08-30 09:43:46 - data_merger - INFO - 输入记录数: 10，输出记录数: 10，去重数量: 0
2025-08-30 09:54:15 - data_merger - INFO - 数据合并器初始化开始
2025-08-30 09:54:15 - data_merger - ERROR - 数据合并器初始化失败: StateManager.init_state() takes 1 positional argument but 2 were given
2025-08-30 10:01:05 - data_merger - INFO - 数据合并器初始化开始
2025-08-30 10:01:05 - data_merger - ERROR - 数据合并器初始化失败: StateManager.init_state() takes 1 positional argument but 2 were given
2025-08-30 10:09:40 - data_merger - INFO - 数据合并器初始化开始
2025-08-30 10:09:40 - data_merger - ERROR - 数据合并器初始化失败: StateManager.init_state() takes 1 positional argument but 2 were given
2025-08-30 10:15:41 - data_merger - INFO - 开始数据合并任务: merge-1756520141-218c19
2025-08-30 10:15:41 - data_merger - INFO - 开始校验合并任务: merge-1756520141-218c19
2025-08-30 10:15:41 - data_merger - INFO - 合并任务校验通过: 2个文件，格式jsonl，字段['instruction']
2025-08-30 10:15:42 - data_merger - INFO - 处理输入文件 1/2: /tmp/gradio/7fb9a72e7fbea30a1f0d73ba9436e7a36e8bbb97a2883ba99f620c6ce051b9d6/OmniThought-R1-0528_extracted.jsonl
2025-08-30 10:16:11 - data_merger - INFO - 文件处理完成: /tmp/gradio/7fb9a72e7fbea30a1f0d73ba9436e7a36e8bbb97a2883ba99f620c6ce051b9d6/OmniThought-R1-0528_extracted.jsonl，记录数: 364988
2025-08-30 10:16:11 - data_merger - INFO - 处理输入文件 2/2: /tmp/gradio/4ccf09cbe93598bf63cb58054dc6280fb2f5161e15611ca5ea02be9df4d477f5/distill_r1_110k_sft_extracted.jsonl
2025-08-30 10:16:18 - data_merger - INFO - 文件处理完成: /tmp/gradio/4ccf09cbe93598bf63cb58054dc6280fb2f5161e15611ca5ea02be9df4d477f5/distill_r1_110k_sft_extracted.jsonl，记录数: 110000
2025-08-30 10:16:25 - data_merger - INFO - 合并元数据已保存: data/processed/merge-1756520141/merge_meta.json
2025-08-30 10:16:25 - data_merger - ERROR - 创建合并信息文件失败: 'dict' object has no attribute 'task_id'
2025-08-30 10:16:25 - data_merger - INFO - 数据合并任务完成: data/processed/merge-1756520141/merged_OmniThought-R1-0528_extracted_distill_r1_110k_sft_extracted.jsonl
2025-08-30 10:16:25 - data_merger - INFO - 输入记录数: 474988，输出记录数: 474988，去重数量: 0
2025-08-30 10:29:36 - data_merger - INFO - 数据合并器初始化开始
2025-08-30 10:29:36 - data_merger - ERROR - 数据合并器初始化失败: StateManager.init_state() takes 1 positional argument but 2 were given
2025-08-30 10:48:37 - data_merger - INFO - 数据合并器初始化开始
2025-08-30 10:48:37 - data_merger - ERROR - 数据合并器初始化失败: StateManager.init_state() takes 1 positional argument but 2 were given
2025-08-30 11:03:38 - data_merger - INFO - 数据合并器初始化开始
2025-08-30 11:03:38 - data_merger - ERROR - 数据合并器初始化失败: StateManager.init_state() takes 1 positional argument but 2 were given
2025-08-30 11:14:45 - data_merger - INFO - 数据合并器初始化开始
2025-08-30 11:14:45 - data_merger - ERROR - 数据合并器初始化失败: StateManager.init_state() takes 1 positional argument but 2 were given
2025-08-30 11:33:38 - data_merger - INFO - 开始数据合并任务: merge-1756524818-01ca4f
2025-08-30 11:33:38 - data_merger - INFO - 开始校验合并任务: merge-1756524818-01ca4f
2025-08-30 11:33:38 - data_merger - INFO - 合并任务校验通过: 2个文件，格式jsonl，字段['instruction', 'output']
2025-08-30 11:33:54 - data_merger - INFO - 处理输入文件 1/2: /tmp/gradio/5fa4e3a92eddb103d86ea723f0dd89aac5d7a728811b81a9dbe601eff92d9aa2/OmniThought-R1-0528_extracted.jsonl
2025-08-30 11:39:53 - data_merger - INFO - 文件处理完成: /tmp/gradio/5fa4e3a92eddb103d86ea723f0dd89aac5d7a728811b81a9dbe601eff92d9aa2/OmniThought-R1-0528_extracted.jsonl，记录数: 364988
2025-08-30 11:39:53 - data_merger - INFO - 处理输入文件 2/2: /tmp/gradio/c2628e1a2c037872e474c1f9a4911c4c178904a7042c6f05cefe3395ab2acbe2/distill_r1_110k_sft_extracted.jsonl
2025-08-30 11:40:29 - data_merger - INFO - 文件处理完成: /tmp/gradio/c2628e1a2c037872e474c1f9a4911c4c178904a7042c6f05cefe3395ab2acbe2/distill_r1_110k_sft_extracted.jsonl，记录数: 110000
2025-08-30 11:41:47 - data_merger - WARNING - 清理文件末尾失败: 
2025-08-30 11:41:47 - data_merger - INFO - 合并元数据已保存: data/processed/merge-1756524818/merge_meta.json
2025-08-30 11:41:47 - data_merger - ERROR - 创建合并信息文件失败: 'dict' object has no attribute 'task_id'
2025-08-30 11:41:47 - data_merger - INFO - 数据合并任务完成: data/processed/merge-1756524818/merged_OmniThought-R1-0528_extracted_distill_r1_110k_sft_extracted.jsonl
2025-08-30 11:41:47 - data_merger - INFO - 输入记录数: 474988，输出记录数: 474988，去重数量: 0
2025-08-31 11:44:30 - data_merger - INFO - 数据合并器初始化开始
2025-08-31 11:44:30 - data_merger - ERROR - 数据合并器初始化失败: StateManager.init_state() takes 1 positional argument but 2 were given
2025-08-31 13:26:43 - data_merger - INFO - 数据合并器初始化开始
2025-08-31 13:26:43 - data_merger - ERROR - 数据合并器初始化失败: StateManager.init_state() takes 1 positional argument but 2 were given
2025-08-31 13:39:54 - data_merger - INFO - 数据合并器初始化开始
2025-08-31 13:39:54 - data_merger - ERROR - 数据合并器初始化失败: StateManager.init_state() takes 1 positional argument but 2 were given
2025-08-31 13:50:01 - data_merger - INFO - 数据合并器初始化开始
2025-08-31 13:50:01 - data_merger - ERROR - 数据合并器初始化失败: StateManager.init_state() takes 1 positional argument but 2 were given
2025-08-31 13:56:15 - data_merger - INFO - 数据合并器初始化开始
2025-08-31 13:56:15 - data_merger - ERROR - 数据合并器初始化失败: StateManager.init_state() takes 1 positional argument but 2 were given
2025-08-31 14:06:37 - data_merger - INFO - 数据合并器初始化开始
2025-08-31 14:06:37 - data_merger - ERROR - 数据合并器初始化失败: StateManager.init_state() takes 1 positional argument but 2 were given
2025-08-31 14:10:22 - data_merger - INFO - 数据合并器初始化开始
2025-08-31 14:10:22 - data_merger - ERROR - 数据合并器初始化失败: StateManager.init_state() takes 1 positional argument but 2 were given
2025-08-31 14:11:46 - data_merger - INFO - 数据合并器初始化开始
2025-08-31 14:11:46 - data_merger - ERROR - 数据合并器初始化失败: StateManager.init_state() takes 1 positional argument but 2 were given
2025-08-31 14:18:15 - data_merger - INFO - 数据合并器初始化开始
2025-08-31 14:18:15 - data_merger - ERROR - 数据合并器初始化失败: StateManager.init_state() takes 1 positional argument but 2 were given
2025-08-31 14:27:31 - data_merger - INFO - 数据合并器初始化开始
2025-08-31 14:27:31 - data_merger - ERROR - 数据合并器初始化失败: StateManager.init_state() takes 1 positional argument but 2 were given
2025-08-31 14:33:33 - data_merger - INFO - 数据合并器初始化开始
2025-08-31 14:33:33 - data_merger - ERROR - 数据合并器初始化失败: StateManager.init_state() takes 1 positional argument but 2 were given
2025-08-31 15:46:47 - data_merger - INFO - 数据合并器初始化开始
2025-08-31 15:46:47 - data_merger - ERROR - 数据合并器初始化失败: StateManager.init_state() takes 1 positional argument but 2 were given
2025-08-31 15:49:47 - data_merger - INFO - 数据合并器初始化开始
2025-08-31 15:49:47 - data_merger - ERROR - 数据合并器初始化失败: StateManager.init_state() takes 1 positional argument but 2 were given
2025-08-31 15:50:27 - data_merger - INFO - 数据合并器初始化开始
2025-08-31 15:50:27 - data_merger - ERROR - 数据合并器初始化失败: StateManager.init_state() takes 1 positional argument but 2 were given
2025-08-31 16:31:45 - data_merger - INFO - 数据合并器初始化开始
2025-08-31 16:31:45 - data_merger - ERROR - 数据合并器初始化失败: StateManager.init_state() takes 1 positional argument but 2 were given
2025-08-31 16:32:11 - data_merger - INFO - 数据合并器初始化开始
2025-08-31 16:32:11 - data_merger - ERROR - 数据合并器初始化失败: StateManager.init_state() takes 1 positional argument but 2 were given
2025-08-31 16:33:57 - data_merger - INFO - 数据合并器初始化开始
2025-08-31 16:33:57 - data_merger - ERROR - 数据合并器初始化失败: StateManager.init_state() takes 1 positional argument but 2 were given
2025-08-31 16:50:55 - data_merger - INFO - 数据合并器初始化开始
2025-08-31 16:50:55 - data_merger - ERROR - 数据合并器初始化失败: StateManager.init_state() takes 1 positional argument but 2 were given
2025-08-31 17:02:36 - data_merger - INFO - 数据合并器初始化开始
2025-08-31 17:02:36 - data_merger - ERROR - 数据合并器初始化失败: StateManager.init_state() takes 1 positional argument but 2 were given
2025-08-31 17:19:44 - data_merger - INFO - 数据合并器初始化开始
2025-08-31 17:19:44 - data_merger - ERROR - 数据合并器初始化失败: StateManager.init_state() takes 1 positional argument but 2 were given
2025-08-31 17:20:27 - data_merger - INFO - 数据合并器初始化开始
2025-08-31 17:20:27 - data_merger - ERROR - 数据合并器初始化失败: StateManager.init_state() takes 1 positional argument but 2 were given
2025-08-31 17:20:55 - data_merger - INFO - 数据合并器初始化开始
2025-08-31 17:20:55 - data_merger - ERROR - 数据合并器初始化失败: StateManager.init_state() takes 1 positional argument but 2 were given
2025-08-31 17:40:44 - data_merger - INFO - 数据合并器初始化开始
2025-08-31 17:40:44 - data_merger - ERROR - 数据合并器初始化失败: StateManager.init_state() takes 1 positional argument but 2 were given
2025-08-31 17:59:35 - data_merger - INFO - 数据合并器初始化开始
2025-08-31 17:59:35 - data_merger - ERROR - 数据合并器初始化失败: StateManager.init_state() takes 1 positional argument but 2 were given
2025-08-31 18:15:59 - data_merger - INFO - 数据合并器初始化开始
2025-08-31 18:15:59 - data_merger - ERROR - 数据合并器初始化失败: StateManager.init_state() takes 1 positional argument but 2 were given
2025-08-31 19:15:59 - data_merger - INFO - 数据合并器初始化开始
2025-08-31 19:15:59 - data_merger - ERROR - 数据合并器初始化失败: StateManager.init_state() takes 1 positional argument but 2 were given
2025-08-31 20:13:47 - data_merger - INFO - 数据合并器初始化开始
2025-08-31 20:13:47 - data_merger - ERROR - 数据合并器初始化失败: StateManager.init_state() takes 1 positional argument but 2 were given
2025-08-31 20:33:48 - data_merger - INFO - 数据合并器初始化开始
2025-08-31 20:33:48 - data_merger - ERROR - 数据合并器初始化失败: StateManager.init_state() takes 1 positional argument but 2 were given
2025-08-31 20:50:44 - data_merger - INFO - 数据合并器初始化开始
2025-08-31 20:50:44 - data_merger - ERROR - 数据合并器初始化失败: StateManager.init_state() takes 1 positional argument but 2 were given
2025-08-31 20:59:14 - data_merger - INFO - 数据合并器初始化开始
2025-08-31 20:59:14 - data_merger - ERROR - 数据合并器初始化失败: StateManager.init_state() takes 1 positional argument but 2 were given
2025-08-31 21:11:21 - data_merger - INFO - 数据合并器初始化开始
2025-08-31 21:11:21 - data_merger - ERROR - 数据合并器初始化失败: StateManager.init_state() takes 1 positional argument but 2 were given
2025-09-01 15:57:56 - data_merger - INFO - 数据合并器初始化开始
2025-09-01 15:57:56 - data_merger - ERROR - 数据合并器初始化失败: StateManager.init_state() takes 1 positional argument but 2 were given
2025-09-02 11:58:56 - data_merger - INFO - 数据合并器初始化开始
2025-09-02 11:58:56 - data_merger - ERROR - 数据合并器初始化失败: StateManager.init_state() takes 1 positional argument but 2 were given
2025-09-17 15:15:48 - data_merger - INFO - 数据合并器初始化开始
2025-09-17 15:15:48 - data_merger - ERROR - 数据合并器初始化失败: StateManager.init_state() takes 1 positional argument but 2 were given
2025-09-21 16:21:55 - data_merger - INFO - 数据合并器初始化开始
2025-09-21 16:21:55 - data_merger - ERROR - 数据合并器初始化失败: StateManager.init_state() takes 1 positional argument but 2 were given
2025-09-21 16:54:29 - data_merger - INFO - 数据合并器初始化开始
2025-09-21 16:54:29 - data_merger - ERROR - 数据合并器初始化失败: StateManager.init_state() takes 1 positional argument but 2 were given
2025-09-21 17:02:37 - data_merger - INFO - 数据合并器初始化开始
2025-09-21 17:02:37 - data_merger - ERROR - 数据合并器初始化失败: StateManager.init_state() takes 1 positional argument but 2 were given
2025-09-21 17:06:25 - data_merger - INFO - 数据合并器初始化开始
2025-09-21 17:06:25 - data_merger - ERROR - 数据合并器初始化失败: StateManager.init_state() takes 1 positional argument but 2 were given
2025-09-21 19:50:56 - data_merger - INFO - 数据合并器初始化开始
2025-09-21 19:50:56 - data_merger - ERROR - 数据合并器初始化失败: StateManager.init_state() takes 1 positional argument but 2 were given
2025-09-21 19:52:51 - data_merger - INFO - 数据合并器初始化开始
2025-09-21 19:52:51 - data_merger - ERROR - 数据合并器初始化失败: StateManager.init_state() takes 1 positional argument but 2 were given
2025-09-21 19:54:57 - data_merger - INFO - 数据合并器初始化开始
2025-09-21 19:54:57 - data_merger - ERROR - 数据合并器初始化失败: StateManager.init_state() takes 1 positional argument but 2 were given
2025-09-21 20:08:19 - data_merger - INFO - 数据合并器初始化开始
2025-09-21 20:08:19 - data_merger - ERROR - 数据合并器初始化失败: StateManager.init_state() takes 1 positional argument but 2 were given
2025-09-21 20:13:00 - data_merger - INFO - 数据合并器初始化开始
2025-09-21 20:13:00 - data_merger - ERROR - 数据合并器初始化失败: StateManager.init_state() takes 1 positional argument but 2 were given
2025-09-21 20:37:58 - data_merger - INFO - 数据合并器初始化开始
2025-09-21 20:37:58 - data_merger - ERROR - 数据合并器初始化失败: StateManager.init_state() takes 1 positional argument but 2 were given
2025-09-21 21:04:22 - data_merger - INFO - 数据合并器初始化开始
2025-09-21 21:04:22 - data_merger - ERROR - 数据合并器初始化失败: StateManager.init_state() takes 1 positional argument but 2 were given
2025-09-21 21:16:05 - data_merger - INFO - 数据合并器初始化开始
2025-09-21 21:16:05 - data_merger - ERROR - 数据合并器初始化失败: StateManager.init_state() takes 1 positional argument but 2 were given
2025-09-21 21:18:08 - data_merger - INFO - 数据合并器初始化开始
2025-09-21 21:18:08 - data_merger - ERROR - 数据合并器初始化失败: StateManager.init_state() takes 1 positional argument but 2 were given
2025-09-21 21:25:48 - data_merger - INFO - 数据合并器初始化开始
2025-09-21 21:25:48 - data_merger - ERROR - 数据合并器初始化失败: StateManager.init_state() takes 1 positional argument but 2 were given
2025-09-21 21:39:07 - data_merger - INFO - 数据合并器初始化开始
2025-09-21 21:39:07 - data_merger - ERROR - 数据合并器初始化失败: StateManager.init_state() takes 1 positional argument but 2 were given
2025-09-21 21:55:18 - data_merger - INFO - 数据合并器初始化开始
2025-09-21 21:55:18 - data_merger - ERROR - 数据合并器初始化失败: StateManager.init_state() takes 1 positional argument but 2 were given
2025-09-21 22:26:49 - data_merger - INFO - 数据合并器初始化开始
2025-09-21 22:26:49 - data_merger - ERROR - 数据合并器初始化失败: StateManager.init_state() takes 1 positional argument but 2 were given
2025-09-21 22:42:14 - data_merger - INFO - 数据合并器初始化开始
2025-09-21 22:42:14 - data_merger - ERROR - 数据合并器初始化失败: StateManager.init_state() takes 1 positional argument but 2 were given
2025-09-21 22:57:08 - data_merger - INFO - 数据合并器初始化开始
2025-09-21 22:57:08 - data_merger - ERROR - 数据合并器初始化失败: StateManager.init_state() takes 1 positional argument but 2 were given
2025-09-23 17:22:51 - data_merger - INFO - 数据合并器初始化开始
2025-09-23 17:22:51 - data_merger - ERROR - 数据合并器初始化失败: StateManager.init_state() takes 1 positional argument but 2 were given
2025-10-08 13:55:33 - data_merger - INFO - 数据合并器初始化开始
2025-10-08 13:55:33 - data_merger - ERROR - 数据合并器初始化失败: StateManager.init_state() takes 1 positional argument but 2 were given
2025-10-08 16:22:45 - data_merger - INFO - 数据合并器初始化开始
2025-10-08 16:22:45 - data_merger - ERROR - 数据合并器初始化失败: StateManager.init_state() takes 1 positional argument but 2 were given
2025-10-08 16:24:23 - data_merger - INFO - 数据合并器初始化开始
2025-10-08 16:24:23 - data_merger - ERROR - 数据合并器初始化失败: StateManager.init_state() takes 1 positional argument but 2 were given
2025-10-08 16:25:50 - data_merger - INFO - 数据合并器初始化开始
2025-10-08 16:25:50 - data_merger - ERROR - 数据合并器初始化失败: StateManager.init_state() takes 1 positional argument but 2 were given
2025-10-08 16:27:51 - data_merger - INFO - 数据合并器初始化开始
2025-10-08 16:27:51 - data_merger - ERROR - 数据合并器初始化失败: StateManager.init_state() takes 1 positional argument but 2 were given
2025-10-08 16:28:13 - data_merger - INFO - 数据合并器初始化开始
2025-10-08 16:28:13 - data_merger - ERROR - 数据合并器初始化失败: StateManager.init_state() takes 1 positional argument but 2 were given
2025-10-08 18:07:53 - data_merger - INFO - 数据合并器初始化开始
2025-10-08 18:07:53 - data_merger - ERROR - 数据合并器初始化失败: StateManager.init_state() takes 1 positional argument but 2 were given
2025-10-08 18:18:19 - data_merger - INFO - 数据合并器初始化开始
2025-10-08 18:18:19 - data_merger - ERROR - 数据合并器初始化失败: StateManager.init_state() takes 1 positional argument but 2 were given
2025-10-08 19:20:38 - data_merger - INFO - 数据合并器初始化开始
2025-10-08 19:20:38 - data_merger - ERROR - 数据合并器初始化失败: StateManager.init_state() takes 1 positional argument but 2 were given
2025-10-08 19:26:32 - data_merger - INFO - 数据合并器初始化开始
2025-10-08 19:26:32 - data_merger - ERROR - 数据合并器初始化失败: StateManager.init_state() takes 1 positional argument but 2 were given
2025-10-08 20:03:29 - data_merger - INFO - 数据合并器初始化开始
2025-10-08 20:03:29 - data_merger - ERROR - 数据合并器初始化失败: StateManager.init_state() takes 1 positional argument but 2 were given
2025-10-08 20:05:50 - data_merger - INFO - 数据合并器初始化开始
2025-10-08 20:05:50 - data_merger - ERROR - 数据合并器初始化失败: StateManager.init_state() takes 1 positional argument but 2 were given
2025-10-08 20:27:58 - data_merger - INFO - 数据合并器初始化开始
2025-10-08 20:27:58 - data_merger - ERROR - 数据合并器初始化失败: StateManager.init_state() takes 1 positional argument but 2 were given
2025-10-08 23:00:45 - data_merger - INFO - 数据合并器初始化开始
2025-10-08 23:00:45 - data_merger - ERROR - 数据合并器初始化失败: StateManager.init_state() takes 1 positional argument but 2 were given
2025-10-20 09:00:14 - data_merger - INFO - 数据合并器初始化开始
2025-10-20 09:00:14 - data_merger - ERROR - 数据合并器初始化失败: StateManager.init_state() takes 1 positional argument but 2 were given
2025-11-15 10:55:10 - data_merger - INFO - 数据合并器初始化开始
2025-11-15 10:55:10 - data_merger - ERROR - 数据合并器初始化失败: StateManager.init_state() takes 1 positional argument but 2 were given
2025-11-15 11:03:53 - data_merger - INFO - 数据合并器初始化开始
2025-11-15 11:03:53 - data_merger - ERROR - 数据合并器初始化失败: StateManager.init_state() takes 1 positional argument but 2 were given
