2025-08-25 14:46:02 - distill_generator - INFO - 蒸馏生成器初始化完成
2025-08-25 14:54:28 - distill_generator - INFO - 蒸馏生成器初始化完成
2025-08-25 14:56:12 - distill_generator - INFO - 蒸馏生成器初始化完成
2025-08-25 15:23:32 - distill_generator - INFO - 蒸馏生成器初始化完成
2025-08-25 15:44:58 - distill_generator - INFO - 蒸馏生成器初始化完成
2025-08-25 16:15:55 - distill_generator - INFO - 蒸馏生成器初始化完成
2025-08-25 16:40:17 - distill_generator - INFO - 蒸馏生成器初始化完成
2025-08-25 16:54:06 - distill_generator - INFO - 蒸馏生成器初始化完成
2025-08-25 16:58:51 - distill_generator - INFO - 蒸馏生成器初始化完成
2025-08-25 17:22:11 - distill_generator - INFO - 蒸馏生成器初始化完成
2025-08-25 17:22:42 - distill_generator - INFO - 蒸馏生成器初始化完成
2025-08-25 17:23:03 - distill_generator - INFO - 蒸馏生成器初始化完成
2025-08-25 17:24:56 - distill_generator - INFO - 蒸馏生成器初始化完成
2025-08-25 17:38:05 - distill_generator - INFO - 蒸馏生成器初始化完成
2025-08-25 17:49:39 - distill_generator - INFO - 蒸馏生成器初始化完成
2025-08-25 17:50:11 - distill_generator - INFO - 蒸馏生成器初始化完成
2025-08-25 17:53:01 - distill_generator - INFO - 蒸馏生成器初始化完成
2025-08-25 19:40:15 - distill_generator - INFO - 蒸馏生成器初始化完成
2025-08-25 19:42:41 - distill_generator - INFO - 蒸馏生成器初始化完成
2025-08-25 19:52:28 - distill_generator - INFO - 蒸馏生成器初始化完成
2025-08-25 23:26:41 - distill_generator - INFO - 蒸馏生成器初始化完成
2025-08-25 23:42:32 - distill_generator - INFO - 蒸馏生成器初始化完成
2025-08-26 00:15:09 - distill_generator - INFO - 蒸馏生成器初始化完成
2025-08-26 10:01:03 - distill_generator - INFO - 蒸馏生成器初始化完成
2025-08-26 11:00:18 - distill_generator - INFO - 蒸馏生成器初始化完成
2025-08-26 11:45:54 - distill_generator - INFO - 蒸馏生成器初始化完成
2025-08-26 11:46:28 - distill_generator - INFO - 蒸馏生成器初始化完成
2025-08-26 11:47:47 - distill_generator - INFO - 蒸馏生成器初始化完成
2025-08-26 15:28:40 - distill_generator - INFO - 蒸馏生成器初始化完成
2025-08-26 15:31:02 - distill_generator - INFO - 蒸馏生成器初始化完成
2025-08-26 15:31:14 - distill_generator - INFO - 蒸馏生成器初始化完成
2025-08-26 15:31:42 - distill_generator - INFO - 蒸馏生成器初始化完成
2025-08-26 15:32:06 - distill_generator - INFO - 蒸馏生成器初始化完成
2025-08-26 15:32:17 - distill_generator - INFO - 蒸馏生成器初始化完成
2025-08-26 15:32:47 - distill_generator - INFO - 蒸馏生成器初始化完成
2025-08-26 15:37:43 - distill_generator - INFO - 蒸馏生成器初始化完成
2025-08-26 16:00:03 - distill_generator - INFO - 蒸馏生成器初始化完成
2025-08-26 16:02:22 - distill_generator - INFO - 蒸馏生成器初始化完成
2025-08-26 16:10:45 - distill_generator - INFO - 蒸馏生成器初始化完成
2025-08-26 16:13:19 - distill_generator - INFO - 蒸馏生成器初始化完成
2025-08-26 16:57:17 - distill_generator - INFO - 蒸馏生成器初始化完成
2025-08-26 17:17:18 - distill_generator - INFO - 蒸馏生成器初始化完成
2025-08-26 17:19:15 - distill_generator - INFO - 蒸馏生成器初始化完成
2025-08-26 17:36:32 - distill_generator - INFO - 蒸馏生成器初始化完成
2025-08-26 17:47:26 - distill_generator - INFO - 蒸馏生成器初始化完成
2025-08-26 18:18:52 - distill_generator - INFO - 蒸馏生成器初始化完成
2025-08-26 18:20:03 - distill_generator - INFO - 蒸馏生成器初始化完成
2025-08-26 18:22:15 - distill_generator - INFO - 蒸馏生成器初始化完成
2025-08-26 18:22:31 - distill_generator - INFO - 蒸馏生成器初始化完成
2025-08-26 18:22:55 - distill_generator - INFO - 蒸馏生成器初始化完成
2025-08-26 18:23:23 - distill_generator - INFO - 蒸馏生成器初始化完成
2025-08-26 18:26:07 - distill_generator - INFO - 蒸馏生成器初始化完成
2025-08-26 19:47:53 - distill_generator - INFO - 蒸馏生成器初始化完成
2025-08-26 20:07:08 - distill_generator - INFO - 蒸馏生成器初始化完成
2025-08-26 20:16:44 - distill_generator - INFO - 蒸馏生成器初始化完成
2025-08-29 14:05:29 - distill_generator - INFO - 蒸馏生成器初始化完成
2025-08-29 14:13:56 - distill_generator - INFO - 蒸馏生成器初始化完成
2025-08-29 14:32:42 - distill_generator - INFO - 蒸馏生成器初始化完成
2025-08-29 14:45:56 - distill_generator - INFO - 蒸馏生成器初始化完成
2025-08-29 14:46:12 - distill_generator - INFO - 蒸馏生成器初始化完成
2025-08-29 14:47:09 - distill_generator - INFO - 蒸馏生成器初始化完成
2025-08-29 14:52:38 - distill_generator - INFO - 蒸馏生成器初始化完成
2025-08-29 14:53:51 - distill_generator - INFO - 蒸馏生成器初始化完成
2025-08-29 15:05:23 - distill_generator - INFO - 蒸馏生成器初始化完成
2025-08-29 15:05:45 - distill_generator - INFO - 蒸馏生成器初始化完成
2025-08-29 15:07:47 - distill_generator - INFO - 蒸馏生成器初始化完成
2025-08-29 15:09:02 - distill_generator - INFO - 蒸馏生成器初始化完成
2025-08-29 15:22:42 - distill_generator - INFO - 蒸馏生成器初始化完成
2025-08-29 15:27:13 - distill_generator - INFO - 蒸馏生成器初始化完成
2025-08-29 15:37:23 - distill_generator - INFO - 蒸馏生成器初始化完成
2025-08-29 15:52:14 - distill_generator - INFO - 蒸馏生成器初始化完成
2025-08-29 16:51:28 - distill_generator - INFO - 蒸馏生成器初始化完成
2025-08-29 17:03:53 - distill_generator - INFO - 蒸馏生成器初始化完成
2025-08-29 17:04:12 - distill_generator - INFO - 蒸馏生成器初始化完成
2025-08-29 17:04:22 - distill_generator - INFO - 蒸馏生成器初始化完成
2025-08-29 17:04:34 - distill_generator - INFO - 蒸馏生成器初始化完成
2025-08-29 17:07:12 - distill_generator - INFO - 蒸馏生成器初始化完成
2025-08-29 17:20:24 - distill_generator - INFO - 蒸馏生成器初始化完成
2025-08-29 17:22:03 - distill_generator - INFO - 蒸馏生成器初始化完成
2025-08-29 17:28:23 - distill_generator - INFO - 蒸馏生成器初始化完成
2025-08-29 17:31:11 - distill_generator - INFO - 蒸馏生成器初始化完成
2025-08-29 17:50:11 - distill_generator - INFO - 蒸馏生成器初始化完成
2025-08-29 17:56:44 - distill_generator - INFO - 蒸馏生成器初始化完成
2025-08-29 18:20:16 - distill_generator - INFO - 蒸馏生成器初始化完成
2025-08-30 08:11:03 - distill_generator - INFO - 蒸馏生成器初始化完成
2025-08-30 08:49:47 - distill_generator - INFO - 蒸馏生成器初始化完成
2025-08-30 08:50:51 - distill_generator - INFO - 蒸馏生成器初始化完成
2025-08-30 08:51:06 - distill_generator - INFO - 蒸馏生成器初始化完成
2025-08-30 08:51:24 - distill_generator - INFO - 蒸馏生成器初始化完成
2025-08-30 08:53:17 - distill_generator - INFO - 蒸馏生成器初始化完成
2025-08-30 08:57:40 - distill_generator - INFO - 蒸馏生成器初始化完成
2025-08-30 08:58:59 - distill_generator - INFO - 蒸馏生成器初始化完成
2025-08-30 09:09:55 - distill_generator - INFO - 蒸馏生成器初始化完成
2025-08-30 09:14:19 - distill_generator - INFO - 蒸馏生成器初始化完成
2025-08-30 09:19:36 - distill_generator - INFO - 蒸馏生成器初始化完成
2025-08-30 09:32:18 - distill_generator - INFO - 蒸馏生成器初始化完成
2025-08-30 09:37:18 - distill_generator - INFO - 蒸馏生成器初始化完成
2025-08-30 09:54:15 - distill_generator - INFO - 蒸馏生成器初始化完成
2025-08-30 10:01:05 - distill_generator - INFO - 蒸馏生成器初始化完成
2025-08-30 10:09:40 - distill_generator - INFO - 蒸馏生成器初始化完成
2025-08-30 10:29:36 - distill_generator - INFO - 蒸馏生成器初始化完成
2025-08-30 10:48:37 - distill_generator - INFO - 蒸馏生成器初始化完成
2025-08-30 11:03:38 - distill_generator - INFO - 蒸馏生成器初始化完成
2025-08-30 11:14:45 - distill_generator - INFO - 蒸馏生成器初始化完成
2025-08-31 11:44:30 - distill_generator - INFO - 蒸馏生成器初始化完成
2025-08-31 13:26:43 - distill_generator - INFO - 蒸馏生成器初始化完成
2025-08-31 13:39:54 - distill_generator - INFO - 蒸馏生成器初始化完成
2025-08-31 13:50:01 - distill_generator - INFO - 蒸馏生成器初始化完成
2025-08-31 13:56:15 - distill_generator - INFO - 蒸馏生成器初始化完成
2025-08-31 14:06:37 - distill_generator - INFO - 蒸馏生成器初始化完成
2025-08-31 14:10:22 - distill_generator - INFO - 蒸馏生成器初始化完成
2025-08-31 14:11:46 - distill_generator - INFO - 蒸馏生成器初始化完成
2025-08-31 14:18:15 - distill_generator - INFO - 蒸馏生成器初始化完成
2025-08-31 14:27:31 - distill_generator - INFO - 蒸馏生成器初始化完成
2025-08-31 14:33:33 - distill_generator - INFO - 蒸馏生成器初始化完成
2025-08-31 15:46:47 - distill_generator - INFO - 蒸馏生成器初始化完成
2025-08-31 15:49:48 - distill_generator - INFO - 蒸馏生成器初始化完成
2025-08-31 15:50:27 - distill_generator - INFO - 蒸馏生成器初始化完成
2025-08-31 16:31:45 - distill_generator - INFO - 蒸馏生成器初始化完成
2025-08-31 16:32:11 - distill_generator - INFO - 蒸馏生成器初始化完成
2025-08-31 16:33:58 - distill_generator - INFO - 蒸馏生成器初始化完成
2025-08-31 16:50:55 - distill_generator - INFO - 蒸馏生成器初始化完成
2025-08-31 17:02:36 - distill_generator - INFO - 蒸馏生成器初始化完成
2025-08-31 17:19:44 - distill_generator - INFO - 蒸馏生成器初始化完成
2025-08-31 17:20:27 - distill_generator - INFO - 蒸馏生成器初始化完成
2025-08-31 17:20:55 - distill_generator - INFO - 蒸馏生成器初始化完成
2025-08-31 17:40:44 - distill_generator - INFO - 蒸馏生成器初始化完成
2025-08-31 17:59:35 - distill_generator - INFO - 蒸馏生成器初始化完成
2025-08-31 18:15:59 - distill_generator - INFO - 蒸馏生成器初始化完成
2025-08-31 19:15:59 - distill_generator - INFO - 蒸馏生成器初始化完成
2025-08-31 20:13:47 - distill_generator - INFO - 蒸馏生成器初始化完成
2025-08-31 20:33:48 - distill_generator - INFO - 蒸馏生成器初始化完成
2025-08-31 20:50:44 - distill_generator - INFO - 蒸馏生成器初始化完成
2025-08-31 20:59:14 - distill_generator - INFO - 蒸馏生成器初始化完成
2025-08-31 21:11:21 - distill_generator - INFO - 蒸馏生成器初始化完成
2025-09-01 15:57:56 - distill_generator - INFO - 蒸馏生成器初始化完成
2025-09-02 11:58:56 - distill_generator - INFO - 蒸馏生成器初始化完成
2025-09-17 15:15:48 - distill_generator - INFO - 蒸馏生成器初始化完成
2025-09-21 16:21:55 - distill_generator - INFO - 蒸馏生成器初始化完成
2025-09-21 16:54:30 - distill_generator - INFO - 蒸馏生成器初始化完成
2025-09-21 17:02:37 - distill_generator - INFO - 蒸馏生成器初始化完成
2025-09-21 17:06:25 - distill_generator - INFO - 蒸馏生成器初始化完成
2025-09-21 19:54:57 - distill_generator - INFO - 蒸馏生成器初始化完成
2025-09-21 19:58:27 - distill_generator - ERROR - 数据生成任务启动失败: StateManager.add_task() missing 1 required positional argument: 'task_subtype'
2025-09-21 20:08:19 - distill_generator - INFO - 蒸馏生成器初始化完成
2025-09-21 20:09:37 - distill_generator - INFO - 数据生成任务启动: distill_1758456577
2025-09-21 20:11:58 - distill_generator - ERROR - 模型调用失败（尝试1）: 模型生成失败: HTTP 502: <html>
<head><title>502 Bad Gateway</title></head>
<body bgcolor="white">
<center><h1>502 Bad Gateway</h1></center>
<hr><center>alb</center>
</body>
</html>

2025-09-21 20:11:58 - distill_generator - ERROR - 模型调用失败（尝试1）: 模型生成失败: HTTP 502: <html>
<head><title>502 Bad Gateway</title></head>
<body bgcolor="white">
<center><h1>502 Bad Gateway</h1></center>
<hr><center>alb</center>
</body>
</html>

2025-09-21 20:13:00 - distill_generator - INFO - 蒸馏生成器初始化完成
2025-09-21 20:13:41 - distill_generator - INFO - 数据生成任务启动: distill_1758456821
2025-09-21 20:19:16 - distill_generator - ERROR - 模型调用失败（尝试1）: 模型生成失败: HTTP 502: <html>
<head><title>502 Bad Gateway</title></head>
<body bgcolor="white">
<center><h1>502 Bad Gateway</h1></center>
<hr><center>alb</center>
</body>
</html>

2025-09-21 20:20:43 - distill_generator - ERROR - 模型调用失败（尝试1）: 模型生成失败: HTTP 502: <html>
<head><title>502 Bad Gateway</title></head>
<body bgcolor="white">
<center><h1>502 Bad Gateway</h1></center>
<hr><center>alb</center>
</body>
</html>

2025-09-21 20:23:02 - distill_generator - ERROR - 模型调用失败（尝试1）: 模型生成失败: HTTP 502: <html>
<head><title>502 Bad Gateway</title></head>
<body bgcolor="white">
<center><h1>502 Bad Gateway</h1></center>
<hr><center>alb</center>
</body>
</html>

2025-09-21 20:23:02 - distill_generator - ERROR - 模型调用失败（尝试1）: 模型生成失败: HTTP 502: <html>
<head><title>502 Bad Gateway</title></head>
<body bgcolor="white">
<center><h1>502 Bad Gateway</h1></center>
<hr><center>alb</center>
</body>
</html>

2025-09-21 20:26:04 - distill_generator - ERROR - 模型调用失败（尝试2）: 模型生成失败: HTTP 502: <html>
<head><title>502 Bad Gateway</title></head>
<body bgcolor="white">
<center><h1>502 Bad Gateway</h1></center>
<hr><center>alb</center>
</body>
</html>

2025-09-21 20:26:18 - distill_generator - ERROR - 模型调用失败（尝试3）: 模型生成失败: HTTP 502: <html>
<head><title>502 Bad Gateway</title></head>
<body bgcolor="white">
<center><h1>502 Bad Gateway</h1></center>
<hr><center>alb</center>
</body>
</html>

2025-09-21 20:26:18 - distill_generator - ERROR - 模型调用失败（尝试1）: 模型生成失败: HTTP 502: <html>
<head><title>502 Bad Gateway</title></head>
<body bgcolor="white">
<center><h1>502 Bad Gateway</h1></center>
<hr><center>alb</center>
</body>
</html>

2025-09-21 20:26:18 - distill_generator - ERROR - 生成任务失败: 模型生成失败: HTTP 502: <html>
<head><title>502 Bad Gateway</title></head>
<body bgcolor="white">
<center><h1>502 Bad Gateway</h1></center>
<hr><center>alb</center>
</body>
</html>

2025-09-21 20:37:58 - distill_generator - INFO - 蒸馏生成器初始化完成
2025-09-21 20:38:55 - distill_generator - INFO - 数据生成任务启动: distill_1758458334
2025-09-21 20:39:38 - distill_generator - ERROR - 模型调用失败（尝试1）: 模型生成失败: HTTP 502: <html>
<head><title>502 Bad Gateway</title></head>
<body bgcolor="white">
<center><h1>502 Bad Gateway</h1></center>
<hr><center>alb</center>
</body>
</html>

2025-09-21 20:44:42 - distill_generator - ERROR - 模型调用失败（尝试1）: 模型生成失败: HTTP 502: <html>
<head><title>502 Bad Gateway</title></head>
<body bgcolor="white">
<center><h1>502 Bad Gateway</h1></center>
<hr><center>alb</center>
</body>
</html>

2025-09-21 20:44:42 - distill_generator - ERROR - 模型调用失败（尝试1）: 模型生成失败: HTTP 502: <html>
<head><title>502 Bad Gateway</title></head>
<body bgcolor="white">
<center><h1>502 Bad Gateway</h1></center>
<hr><center>alb</center>
</body>
</html>

2025-09-21 20:45:08 - distill_generator - ERROR - 模型调用失败（尝试2）: 模型生成失败: HTTP 500: {"code":60000,"message":"Request processing has failed due to some unknown error.","data":null}
2025-09-21 20:45:09 - distill_generator - ERROR - 模型调用失败（尝试1）: 模型生成失败: HTTP 500: {"code":60000,"message":"Request processing has failed due to some unknown error.","data":null}
2025-09-21 21:04:22 - distill_generator - INFO - 蒸馏生成器初始化完成
2025-09-21 21:05:30 - distill_generator - INFO - 数据生成任务启动: distill_1758459930
2025-09-21 21:18:08 - distill_generator - INFO - 蒸馏生成器初始化完成
2025-09-21 21:18:58 - distill_generator - INFO - 数据生成任务启动: distill_1758460738
2025-09-21 21:20:16 - distill_generator - ERROR - 模型调用失败（尝试1）: 模型生成失败: HTTP 502: <html>
<head><title>502 Bad Gateway</title></head>
<body bgcolor="white">
<center><h1>502 Bad Gateway</h1></center>
<hr><center>alb</center>
</body>
</html>

2025-09-21 21:25:48 - distill_generator - INFO - 蒸馏生成器初始化完成
2025-09-21 21:27:41 - distill_generator - INFO - 数据生成任务启动: distill_1758461261
2025-09-21 21:39:07 - distill_generator - INFO - 蒸馏生成器初始化完成
2025-09-21 21:40:13 - distill_generator - INFO - 数据生成任务启动: distill_1758462013
2025-09-21 21:43:17 - distill_generator - ERROR - 模型调用失败（尝试1）: 模型生成失败: HTTP 502: <html>
<head><title>502 Bad Gateway</title></head>
<body bgcolor="white">
<center><h1>502 Bad Gateway</h1></center>
<hr><center>alb</center>
</body>
</html>

2025-09-21 21:43:40 - distill_generator - ERROR - 模型调用失败（尝试1）: 模型生成失败: HTTP 502: <html>
<head><title>502 Bad Gateway</title></head>
<body bgcolor="white">
<center><h1>502 Bad Gateway</h1></center>
<hr><center>alb</center>
</body>
</html>

2025-09-21 21:43:40 - distill_generator - ERROR - 模型调用失败（尝试1）: 模型生成失败: HTTP 502: <html>
<head><title>502 Bad Gateway</title></head>
<body bgcolor="white">
<center><h1>502 Bad Gateway</h1></center>
<hr><center>alb</center>
</body>
</html>

2025-09-21 21:44:29 - distill_generator - INFO - 数据生成任务启动: distill_1758462269
2025-09-21 21:44:35 - distill_generator - INFO - 处理中检测到暂停，提前结束: distill_1758462013
2025-09-21 21:49:24 - distill_generator - INFO - 质量报告已生成: data/distilled/distill_1758462013/quality_report.json
2025-09-21 21:49:24 - distill_generator - INFO - 任务已暂停，保留部分结果并输出阶段性报告: distill_1758462013
2025-09-21 21:55:18 - distill_generator - INFO - 蒸馏生成器初始化完成
2025-09-21 22:26:49 - distill_generator - INFO - 蒸馏生成器初始化完成
2025-09-21 22:42:14 - distill_generator - INFO - 蒸馏生成器初始化完成
2025-09-21 22:44:36 - distill_generator - INFO - 数据生成任务启动: distill_1758465882
2025-09-21 22:48:22 - distill_generator - INFO - 处理中检测到暂停，提前结束: distill_1758465882
2025-09-21 22:57:09 - distill_generator - INFO - 蒸馏生成器初始化完成
2025-09-21 22:58:38 - distill_generator - INFO - 数据生成任务启动: distill_1758466718
2025-09-21 22:59:27 - distill_generator - ERROR - 模型调用失败（尝试1）: 模型生成失败: HTTP 502: <html>
<head><title>502 Bad Gateway</title></head>
<body bgcolor="white">
<center><h1>502 Bad Gateway</h1></center>
<hr><center>alb</center>
</body>
</html>

2025-09-21 23:00:40 - distill_generator - INFO - 数据生成任务启动: distill_1758466840
2025-09-21 23:00:50 - distill_generator - INFO - 处理中检测到暂停，提前结束: distill_1758466718
2025-09-23 17:22:51 - distill_generator - INFO - 蒸馏生成器初始化完成
2025-10-08 13:55:33 - distill_generator - INFO - 蒸馏生成器初始化完成
2025-10-08 16:22:45 - distill_generator - INFO - 蒸馏生成器初始化完成
2025-10-08 16:24:23 - distill_generator - INFO - 蒸馏生成器初始化完成
2025-10-08 16:25:50 - distill_generator - INFO - 蒸馏生成器初始化完成
2025-10-08 16:27:51 - distill_generator - INFO - 蒸馏生成器初始化完成
2025-10-08 16:28:14 - distill_generator - INFO - 蒸馏生成器初始化完成
2025-10-08 18:07:53 - distill_generator - INFO - 蒸馏生成器初始化完成
2025-10-08 18:18:19 - distill_generator - INFO - 蒸馏生成器初始化完成
2025-10-08 19:20:38 - distill_generator - INFO - 蒸馏生成器初始化完成
2025-10-08 19:26:32 - distill_generator - INFO - 蒸馏生成器初始化完成
2025-10-08 20:03:29 - distill_generator - INFO - 蒸馏生成器初始化完成
2025-10-08 20:05:50 - distill_generator - INFO - 蒸馏生成器初始化完成
2025-10-08 20:27:58 - distill_generator - INFO - 蒸馏生成器初始化完成
2025-10-08 23:00:45 - distill_generator - INFO - 蒸馏生成器初始化完成
2025-10-20 09:00:14 - distill_generator - INFO - 蒸馏生成器初始化完成
2025-11-15 10:55:10 - distill_generator - INFO - 蒸馏生成器初始化完成
2025-11-15 11:03:53 - distill_generator - INFO - 蒸馏生成器初始化完成
